{"level":"info","message":"Hola Mundo","service":"app.js"}
{"level":"info","message":"Hola Mundo","service":"app.js"}
{"level":"info","message":"Hola Mundo","service":"app.js"}
{"level":"info","message":"Hola Mundo","service":"app.js"}
{"level":"info","message":"Hola Mundo","service":"app.js"}
{"level":"info","message":"Hola Mundo","service":"app.js"}
{"level":"info","message":"Hola Mundo","service":"app.js"}
{"level":"info","message":"Hola Mundo","service":"app.js"}
{"level":"info","message":"Hola Mundo","service":"app.js"}
{"level":"info","message":"Hola Mundo","service":"app.js"}
{"level":"info","message":"Hola Mundo","service":"app.js"}
{"level":"info","message":"Hola Mundo","service":"app.js"}
{"level":"info","message":"Hola Mundo","service":"app.js"}
{"level":"info","message":"Hola Mundo","service":"app.js"}
{"level":"info","message":"Hola Mundo","service":"app.js"}
{"level":"error","message":"error Esto es algo malo","service":"app.js"}
{"level":"info","message":"Hola Mundo","service":"app.js"}
{"level":"error","message":"error Esto es algo malo","service":"app.js"}
{"level":"info","message":"Hola Mundo","service":"app.js"}
{"level":"error","message":"error Esto es algo malo","service":"app.js"}
{"level":"info","message":"Hola Mundo","service":"app.js"}
{"level":"error","message":"error Esto es algo malo","service":"app.js"}
{"level":"info","message":"Hola Mundo","service":"app.js"}
{"level":"error","message":"error Esto es algo malo","service":"app.js"}
{"level":"info","message":"Hola Mundo","service":"app.js"}
{"level":"error","message":"error Esto es algo malo","service":"app.js"}
{"level":"info","message":"Hola Mundo","service":"app.js"}
{"level":"error","message":"error Esto es algo malo","service":"app.js"}
{"level":"info","message":"Hola Mundo","service":"app.js"}
{"level":"error","message":"error Esto es algo malo","service":"app.js"}
{"level":"info","message":"Hola Mundo","service":"app.js"}
{"level":"error","message":"error Esto es algo malo","service":"app.js"}
{"level":"info","message":"Hola Mundo","service":"app.js"}
{"level":"error","message":"error Esto es algo malo","service":"app.js"}
{"level":"info","message":"Hola Mundo","service":"app.js"}
{"level":"error","message":"error Esto es algo malo","service":"app.js"}
{"level":"info","message":"Hola Mundo","service":"app.js"}
{"at":"2024-02-20T19:18:08.476Z","level":"error","message":"error Esto es algo malo","service":"app.js"}
{"level":"info","message":"Hola Mundo","service":"app.js"}
{"level":"error","message":"error Esto es algo malo","service":"app.js"}
{"level":"info","message":"Hola Mundo","service":"app.js"}
{"level":"error","message":"error Esto es algo malo","service":"app.js"}
{"level":"info","message":"Hola Mundo","service":"app.js","timestamp":"2024-02-20T19:36:08.445Z"}
{"level":"error","message":"error Esto es algo malo","service":"app.js","timestamp":"2024-02-20T19:36:08.448Z"}
